<?xml version="1.0" encoding="utf-8"?><testsuites><testsuite name="pytest" errors="0" failures="0" skipped="0" tests="4" time="18.390" timestamp="2023-07-22T19:01:55.782195" hostname="LAPTOP-AM8AROCO"><testcase classname="tests.model.test_model.TestModel" name="test_model_fit" time="5.455" /><testcase classname="tests.model.test_model.TestModel" name="test_model_predict" time="5.363" /><testcase classname="tests.model.test_model.TestModel" name="test_model_preprocess_for_serving" time="0.209" /><testcase classname="tests.model.test_model.TestModel" name="test_model_preprocess_for_training" time="5.220" /></testsuite></testsuites>