<?xml version="1.0" encoding="utf-8"?><testsuites><testsuite name="pytest" errors="0" failures="0" skipped="0" tests="4" time="23.277" timestamp="2023-07-22T10:07:54.392720" hostname="LAPTOP-AM8AROCO"><testcase classname="tests.model.test_model.TestModel" name="test_model_fit" time="5.504" /><testcase classname="tests.model.test_model.TestModel" name="test_model_predict" time="5.322" /><testcase classname="tests.model.test_model.TestModel" name="test_model_preprocess_for_serving" time="5.169" /><testcase classname="tests.model.test_model.TestModel" name="test_model_preprocess_for_training" time="5.207" /></testsuite></testsuites>