<?xml version="1.0" encoding="utf-8"?><testsuites><testsuite name="pytest" errors="0" failures="0" skipped="0" tests="4" time="16.209" timestamp="2023-07-23T02:28:38.584793" hostname="LAPTOP-AM8AROCO"><testcase classname="tests.model.test_model.TestModel" name="test_model_fit" time="4.716" /><testcase classname="tests.model.test_model.TestModel" name="test_model_predict" time="4.528" /><testcase classname="tests.model.test_model.TestModel" name="test_model_preprocess_for_serving" time="0.208" /><testcase classname="tests.model.test_model.TestModel" name="test_model_preprocess_for_training" time="4.349" /></testsuite></testsuites>