<?xml version="1.0" encoding="utf-8"?><testsuites><testsuite name="pytest" errors="0" failures="0" skipped="0" tests="4" time="17.898" timestamp="2023-07-23T00:05:19.345053" hostname="LAPTOP-AM8AROCO"><testcase classname="tests.model.test_model.TestModel" name="test_model_fit" time="5.135" /><testcase classname="tests.model.test_model.TestModel" name="test_model_predict" time="4.673" /><testcase classname="tests.model.test_model.TestModel" name="test_model_preprocess_for_serving" time="0.244" /><testcase classname="tests.model.test_model.TestModel" name="test_model_preprocess_for_training" time="5.173" /></testsuite></testsuites>